<?xml version="1.0" encoding="UTF-8"?>
<!-- Generated by org.testng.reporters.JUnitReportReporter -->
<testsuite hostname="home-PC" name="com.mvn.testng.NewTestNg1" tests="2" failures="0" timestamp="18 Apr 2017 02:45:45 GMT" time="0.827" errors="0">
  <testcase name="f1" time="0.077" classname="com.mvn.testng.NewTestNg1"/>
  <testcase name="f" time="0.750" classname="com.mvn.testng.NewTestNg1"/>
</testsuite> <!-- com.mvn.testng.NewTestNg1 -->
